<?xml version="1.0" encoding="UTF-8"?>
<!-- Generated by org.testng.reporters.JUnitReportReporter -->
<testsuite skipped="0" hostname="rashmis-mbp" name="com.api.tests.PetTest" tests="2" failures="0" timestamp="22 Apr 2022 11:31:56 GMT" time="5.341" errors="0">
  <testcase name="verifyPetByID" time="2.489" classname="com.api.tests.PetTest"/>
  <testcase name="createNewPetAndVerify" time="2.852" classname="com.api.tests.PetTest"/>
</testsuite> <!-- com.api.tests.PetTest -->
